{"C:\\Users\\svolt\\Desktop\\Microverse\\to-do-test-max\\microverse_todo_list\\src\\checks.js": {"path":"C:\\Users\\svolt\\Desktop\\Microverse\\to-do-test-max\\microverse_todo_list\\src\\checks.js","statementMap":{"0":{"start":{"line":5,"column":29},"end":{"line":27,"column":1}},"1":{"start":{"line":6,"column":2},"end":{"line":26,"column":3}},"2":{"start":{"line":7,"column":24},"end":{"line":7,"column":30}},"3":{"start":{"line":8,"column":19},"end":{"line":8,"column":44}},"4":{"start":{"line":9,"column":17},"end":{"line":9,"column":70}},"5":{"start":{"line":11,"column":4},"end":{"line":15,"column":5}},"6":{"start":{"line":12,"column":6},"end":{"line":12,"column":33}},"7":{"start":{"line":14,"column":6},"end":{"line":14,"column":36}},"8":{"start":{"line":17,"column":28},"end":{"line":17,"column":52}},"9":{"start":{"line":19,"column":4},"end":{"line":23,"column":7}},"10":{"start":{"line":20,"column":6},"end":{"line":22,"column":7}},"11":{"start":{"line":21,"column":8},"end":{"line":21,"column":33}},"12":{"start":{"line":25,"column":4},"end":{"line":25,"column":44}},"13":{"start":{"line":29,"column":29},"end":{"line":35,"column":1}},"14":{"start":{"line":30,"column":24},"end":{"line":30,"column":48}},"15":{"start":{"line":32,"column":2},"end":{"line":32,"column":70}},"16":{"start":{"line":32,"column":53},"end":{"line":32,"column":68}},"17":{"start":{"line":33,"column":2},"end":{"line":33,"column":42}},"18":{"start":{"line":34,"column":2},"end":{"line":34,"column":31}}},"fnMap":{"0":{"name":"(anonymous_0)","decl":{"start":{"line":5,"column":29},"end":{"line":5,"column":30}},"loc":{"start":{"line":5,"column":41},"end":{"line":27,"column":1}},"line":5},"1":{"name":"(anonymous_1)","decl":{"start":{"line":19,"column":28},"end":{"line":19,"column":29}},"loc":{"start":{"line":19,"column":38},"end":{"line":23,"column":5}},"line":19},"2":{"name":"(anonymous_2)","decl":{"start":{"line":29,"column":29},"end":{"line":29,"column":30}},"loc":{"start":{"line":29,"column":35},"end":{"line":35,"column":1}},"line":29},"3":{"name":"(anonymous_3)","decl":{"start":{"line":32,"column":43},"end":{"line":32,"column":44}},"loc":{"start":{"line":32,"column":53},"end":{"line":32,"column":68}},"line":32}},"branchMap":{"0":{"loc":{"start":{"line":6,"column":2},"end":{"line":26,"column":3}},"type":"if","locations":[{"start":{"line":6,"column":2},"end":{"line":26,"column":3}},{"start":{},"end":{}}],"line":6},"1":{"loc":{"start":{"line":11,"column":4},"end":{"line":15,"column":5}},"type":"if","locations":[{"start":{"line":11,"column":4},"end":{"line":15,"column":5}},{"start":{"line":13,"column":11},"end":{"line":15,"column":5}}],"line":11},"2":{"loc":{"start":{"line":20,"column":6},"end":{"line":22,"column":7}},"type":"if","locations":[{"start":{"line":20,"column":6},"end":{"line":22,"column":7}},{"start":{},"end":{}}],"line":20}},"s":{"0":1,"1":1,"2":1,"3":1,"4":1,"5":1,"6":0,"7":1,"8":1,"9":1,"10":3,"11":1,"12":1,"13":1,"14":0,"15":0,"16":0,"17":0,"18":0},"f":{"0":1,"1":3,"2":0,"3":0},"b":{"0":[1,0],"1":[0,1],"2":[1,2]},"_coverageSchema":"1a1c01bbd47fc00a2c39e90264f33305004495a9","hash":"53321aad92776fc9e83d0cab556902a00fa22e7e"}
,"C:\\Users\\svolt\\Desktop\\Microverse\\to-do-test-max\\microverse_todo_list\\src\\displayTasks.js": {"path":"C:\\Users\\svolt\\Desktop\\Microverse\\to-do-test-max\\microverse_todo_list\\src\\displayTasks.js","statementMap":{"0":{"start":{"line":2,"column":26},"end":{"line":18,"column":1}},"1":{"start":{"line":3,"column":13},"end":{"line":3,"column":41}},"2":{"start":{"line":4,"column":2},"end":{"line":4,"column":36}},"3":{"start":{"line":5,"column":2},"end":{"line":16,"column":10}},"4":{"start":{"line":17,"column":2},"end":{"line":17,"column":12}},"5":{"start":{"line":21,"column":27},"end":{"line":32,"column":1}},"6":{"start":{"line":23,"column":13},"end":{"line":23,"column":44}},"7":{"start":{"line":26,"column":2},"end":{"line":26,"column":20}},"8":{"start":{"line":29,"column":2},"end":{"line":31,"column":5}},"9":{"start":{"line":30,"column":4},"end":{"line":30,"column":37}}},"fnMap":{"0":{"name":"(anonymous_0)","decl":{"start":{"line":2,"column":26},"end":{"line":2,"column":27}},"loc":{"start":{"line":2,"column":65},"end":{"line":18,"column":1}},"line":2},"1":{"name":"(anonymous_1)","decl":{"start":{"line":21,"column":27},"end":{"line":21,"column":28}},"loc":{"start":{"line":21,"column":42},"end":{"line":32,"column":1}},"line":21},"2":{"name":"(anonymous_2)","decl":{"start":{"line":29,"column":20},"end":{"line":29,"column":21}},"loc":{"start":{"line":29,"column":30},"end":{"line":31,"column":3}},"line":29}},"branchMap":{"0":{"loc":{"start":{"line":6,"column":50},"end":{"line":6,"column":76}},"type":"cond-expr","locations":[{"start":{"line":6,"column":62},"end":{"line":6,"column":71}},{"start":{"line":6,"column":74},"end":{"line":6,"column":76}}],"line":6},"1":{"loc":{"start":{"line":8,"column":25},"end":{"line":8,"column":48}},"type":"cond-expr","locations":[{"start":{"line":8,"column":37},"end":{"line":8,"column":43}},{"start":{"line":8,"column":46},"end":{"line":8,"column":48}}],"line":8}},"s":{"0":1,"1":7,"2":7,"3":7,"4":7,"5":1,"6":1,"7":1,"8":1,"9":3},"f":{"0":7,"1":1,"2":3},"b":{"0":[0,7],"1":[0,7]},"_coverageSchema":"1a1c01bbd47fc00a2c39e90264f33305004495a9","hash":"abe5f8e209ea68152e94fcf096962230916b4d21"}
,"C:\\Users\\svolt\\Desktop\\Microverse\\to-do-test-max\\microverse_todo_list\\src\\queries.js": {"path":"C:\\Users\\svolt\\Desktop\\Microverse\\to-do-test-max\\microverse_todo_list\\src\\queries.js","statementMap":{"0":{"start":{"line":1,"column":18},"end":{"line":1,"column":49}},"1":{"start":{"line":2,"column":21},"end":{"line":2,"column":53}},"2":{"start":{"line":3,"column":19},"end":{"line":3,"column":49}},"3":{"start":{"line":5,"column":25},"end":{"line":12,"column":1}},"4":{"start":{"line":7,"column":4},"end":{"line":7,"column":61}},"5":{"start":{"line":10,"column":4},"end":{"line":10,"column":63}}},"fnMap":{"0":{"name":"(anonymous_0)","decl":{"start":{"line":6,"column":2},"end":{"line":6,"column":3}},"loc":{"start":{"line":6,"column":22},"end":{"line":8,"column":3}},"line":6},"1":{"name":"(anonymous_1)","decl":{"start":{"line":9,"column":2},"end":{"line":9,"column":3}},"loc":{"start":{"line":9,"column":17},"end":{"line":11,"column":3}},"line":9}},"branchMap":{"0":{"loc":{"start":{"line":10,"column":11},"end":{"line":10,"column":62}},"type":"binary-expr","locations":[{"start":{"line":10,"column":11},"end":{"line":10,"column":56}},{"start":{"line":10,"column":60},"end":{"line":10,"column":62}}],"line":10}},"s":{"0":1,"1":1,"2":1,"3":1,"4":6,"5":5},"f":{"0":6,"1":5},"b":{"0":[5,1]},"_coverageSchema":"1a1c01bbd47fc00a2c39e90264f33305004495a9","hash":"72d3f3f04365dd2bc8a9306fde84595918e4582a"}
,"C:\\Users\\svolt\\Desktop\\Microverse\\to-do-test-max\\microverse_todo_list\\src\\tasks.js": {"path":"C:\\Users\\svolt\\Desktop\\Microverse\\to-do-test-max\\microverse_todo_list\\src\\tasks.js","statementMap":{"0":{"start":{"line":8,"column":4},"end":{"line":8,"column":35}},"1":{"start":{"line":9,"column":4},"end":{"line":9,"column":23}},"2":{"start":{"line":10,"column":4},"end":{"line":10,"column":40}},"3":{"start":{"line":15,"column":24},"end":{"line":23,"column":1}},"4":{"start":{"line":16,"column":18},"end":{"line":16,"column":62}},"5":{"start":{"line":18,"column":26},"end":{"line":18,"column":50}},"6":{"start":{"line":19,"column":2},"end":{"line":19,"column":32}},"7":{"start":{"line":21,"column":2},"end":{"line":21,"column":42}},"8":{"start":{"line":22,"column":2},"end":{"line":22,"column":38}},"9":{"start":{"line":26,"column":29},"end":{"line":42,"column":1}},"10":{"start":{"line":27,"column":17},"end":{"line":27,"column":45}},"11":{"start":{"line":28,"column":2},"end":{"line":28,"column":18}},"12":{"start":{"line":29,"column":26},"end":{"line":29,"column":28}},"13":{"start":{"line":31,"column":2},"end":{"line":37,"column":5}},"14":{"start":{"line":32,"column":24},"end":{"line":32,"column":74}},"15":{"start":{"line":33,"column":22},"end":{"line":33,"column":59}},"16":{"start":{"line":35,"column":20},"end":{"line":35,"column":68}},"17":{"start":{"line":36,"column":4},"end":{"line":36,"column":34}},"18":{"start":{"line":39,"column":2},"end":{"line":39,"column":42}},"19":{"start":{"line":41,"column":2},"end":{"line":41,"column":31}},"20":{"start":{"line":45,"column":26},"end":{"line":61,"column":1}},"21":{"start":{"line":46,"column":2},"end":{"line":60,"column":3}},"22":{"start":{"line":47,"column":4},"end":{"line":47,"column":23}},"23":{"start":{"line":48,"column":18},"end":{"line":48,"column":50}},"24":{"start":{"line":49,"column":28},"end":{"line":49,"column":52}},"25":{"start":{"line":51,"column":4},"end":{"line":59,"column":5}},"26":{"start":{"line":52,"column":6},"end":{"line":52,"column":47}},"27":{"start":{"line":53,"column":6},"end":{"line":53,"column":33}},"28":{"start":{"line":55,"column":6},"end":{"line":55,"column":27}},"29":{"start":{"line":56,"column":17},"end":{"line":56,"column":59}},"30":{"start":{"line":57,"column":6},"end":{"line":57,"column":70}},"31":{"start":{"line":58,"column":6},"end":{"line":58,"column":26}},"32":{"start":{"line":64,"column":24},"end":{"line":90,"column":1}},"33":{"start":{"line":67,"column":4},"end":{"line":69,"column":5}},"34":{"start":{"line":68,"column":6},"end":{"line":68,"column":48}},"35":{"start":{"line":74,"column":4},"end":{"line":88,"column":5}},"36":{"start":{"line":75,"column":6},"end":{"line":75,"column":51}},"37":{"start":{"line":76,"column":26},"end":{"line":76,"column":44}},"38":{"start":{"line":77,"column":21},"end":{"line":77,"column":48}},"39":{"start":{"line":79,"column":30},"end":{"line":79,"column":54}},"40":{"start":{"line":81,"column":6},"end":{"line":85,"column":9}},"41":{"start":{"line":82,"column":8},"end":{"line":84,"column":9}},"42":{"start":{"line":83,"column":10},"end":{"line":83,"column":41}},"43":{"start":{"line":87,"column":6},"end":{"line":87,"column":46}},"44":{"start":{"line":93,"column":26},"end":{"line":99,"column":1}},"45":{"start":{"line":94,"column":21},"end":{"line":94,"column":22}},"46":{"start":{"line":95,"column":2},"end":{"line":98,"column":3}},"47":{"start":{"line":96,"column":15},"end":{"line":96,"column":46}},"48":{"start":{"line":97,"column":4},"end":{"line":97,"column":30}}},"fnMap":{"0":{"name":"(anonymous_0)","decl":{"start":{"line":7,"column":2},"end":{"line":7,"column":3}},"loc":{"start":{"line":7,"column":45},"end":{"line":11,"column":3}},"line":7},"1":{"name":"(anonymous_1)","decl":{"start":{"line":15,"column":24},"end":{"line":15,"column":25}},"loc":{"start":{"line":15,"column":63},"end":{"line":23,"column":1}},"line":15},"2":{"name":"(anonymous_2)","decl":{"start":{"line":26,"column":29},"end":{"line":26,"column":30}},"loc":{"start":{"line":26,"column":45},"end":{"line":42,"column":1}},"line":26},"3":{"name":"(anonymous_3)","decl":{"start":{"line":31,"column":34},"end":{"line":31,"column":35}},"loc":{"start":{"line":31,"column":49},"end":{"line":37,"column":3}},"line":31},"4":{"name":"(anonymous_4)","decl":{"start":{"line":45,"column":26},"end":{"line":45,"column":27}},"loc":{"start":{"line":45,"column":33},"end":{"line":61,"column":1}},"line":45},"5":{"name":"(anonymous_5)","decl":{"start":{"line":66,"column":2},"end":{"line":66,"column":3}},"loc":{"start":{"line":66,"column":13},"end":{"line":70,"column":3}},"line":66},"6":{"name":"(anonymous_6)","decl":{"start":{"line":73,"column":2},"end":{"line":73,"column":3}},"loc":{"start":{"line":73,"column":14},"end":{"line":89,"column":3}},"line":73},"7":{"name":"(anonymous_7)","decl":{"start":{"line":81,"column":30},"end":{"line":81,"column":31}},"loc":{"start":{"line":81,"column":40},"end":{"line":85,"column":7}},"line":81},"8":{"name":"(anonymous_8)","decl":{"start":{"line":93,"column":26},"end":{"line":93,"column":27}},"loc":{"start":{"line":93,"column":33},"end":{"line":99,"column":1}},"line":93}},"branchMap":{"0":{"loc":{"start":{"line":10,"column":21},"end":{"line":10,"column":39}},"type":"binary-expr","locations":[{"start":{"line":10,"column":21},"end":{"line":10,"column":30}},{"start":{"line":10,"column":34},"end":{"line":10,"column":39}}],"line":10},"1":{"loc":{"start":{"line":46,"column":2},"end":{"line":60,"column":3}},"type":"if","locations":[{"start":{"line":46,"column":2},"end":{"line":60,"column":3}},{"start":{},"end":{}}],"line":46},"2":{"loc":{"start":{"line":51,"column":4},"end":{"line":59,"column":5}},"type":"if","locations":[{"start":{"line":51,"column":4},"end":{"line":59,"column":5}},{"start":{"line":54,"column":11},"end":{"line":59,"column":5}}],"line":51},"3":{"loc":{"start":{"line":67,"column":4},"end":{"line":69,"column":5}},"type":"if","locations":[{"start":{"line":67,"column":4},"end":{"line":69,"column":5}},{"start":{},"end":{}}],"line":67},"4":{"loc":{"start":{"line":74,"column":4},"end":{"line":88,"column":5}},"type":"if","locations":[{"start":{"line":74,"column":4},"end":{"line":88,"column":5}},{"start":{},"end":{}}],"line":74},"5":{"loc":{"start":{"line":82,"column":8},"end":{"line":84,"column":9}},"type":"if","locations":[{"start":{"line":82,"column":8},"end":{"line":84,"column":9}},{"start":{},"end":{}}],"line":82},"6":{"loc":{"start":{"line":95,"column":2},"end":{"line":98,"column":3}},"type":"if","locations":[{"start":{"line":95,"column":2},"end":{"line":98,"column":3}},{"start":{},"end":{}}],"line":95}},"s":{"0":7,"1":7,"2":7,"3":1,"4":4,"5":4,"6":4,"7":4,"8":4,"9":1,"10":1,"11":1,"12":1,"13":1,"14":3,"15":3,"16":3,"17":3,"18":1,"19":1,"20":1,"21":0,"22":0,"23":0,"24":0,"25":0,"26":0,"27":0,"28":0,"29":0,"30":0,"31":0,"32":1,"33":0,"34":0,"35":0,"36":0,"37":0,"38":0,"39":0,"40":0,"41":0,"42":0,"43":0,"44":1,"45":0,"46":0,"47":0,"48":0},"f":{"0":7,"1":4,"2":1,"3":3,"4":0,"5":0,"6":0,"7":0,"8":0},"b":{"0":[7,7],"1":[0,0],"2":[0,0],"3":[0,0],"4":[0,0],"5":[0,0],"6":[0,0]},"_coverageSchema":"1a1c01bbd47fc00a2c39e90264f33305004495a9","hash":"b96cb3d886ae04bc6ff7c06c6b2310c85889d066"}
}
