TN:
SF:src\checks.js
FN:5,(anonymous_0)
FN:19,(anonymous_1)
FN:29,(anonymous_2)
FN:32,(anonymous_3)
FNF:4
FNH:2
FNDA:1,(anonymous_0)
FNDA:3,(anonymous_1)
FNDA:0,(anonymous_2)
FNDA:0,(anonymous_3)
DA:5,1
DA:6,1
DA:7,1
DA:8,1
DA:9,1
DA:11,1
DA:12,0
DA:14,1
DA:17,1
DA:19,1
DA:20,3
DA:21,1
DA:25,1
DA:29,1
DA:30,0
DA:32,0
DA:33,0
DA:34,0
LF:18
LH:13
BRDA:6,0,0,1
BRDA:6,0,1,0
BRDA:11,1,0,0
BRDA:11,1,1,1
BRDA:20,2,0,1
BRDA:20,2,1,2
BRF:6
BRH:4
end_of_record
TN:
SF:src\displayTasks.js
FN:2,(anonymous_0)
FN:21,(anonymous_1)
FN:29,(anonymous_2)
FNF:3
FNH:3
FNDA:7,(anonymous_0)
FNDA:1,(anonymous_1)
FNDA:3,(anonymous_2)
DA:2,1
DA:3,7
DA:4,7
DA:5,7
DA:17,7
DA:21,1
DA:23,1
DA:26,1
DA:29,1
DA:30,3
LF:10
LH:10
BRDA:6,0,0,0
BRDA:6,0,1,7
BRDA:8,1,0,0
BRDA:8,1,1,7
BRF:4
BRH:2
end_of_record
TN:
SF:src\queries.js
FN:6,(anonymous_0)
FN:9,(anonymous_1)
FNF:2
FNH:2
FNDA:6,(anonymous_0)
FNDA:5,(anonymous_1)
DA:1,1
DA:2,1
DA:3,1
DA:5,1
DA:7,6
DA:10,5
LF:6
LH:6
BRDA:10,0,0,5
BRDA:10,0,1,1
BRF:2
BRH:2
end_of_record
TN:
SF:src\tasks.js
FN:7,(anonymous_0)
FN:15,(anonymous_1)
FN:26,(anonymous_2)
FN:31,(anonymous_3)
FN:45,(anonymous_4)
FN:66,(anonymous_5)
FN:73,(anonymous_6)
FN:81,(anonymous_7)
FN:93,(anonymous_8)
FNF:9
FNH:4
FNDA:7,(anonymous_0)
FNDA:4,(anonymous_1)
FNDA:1,(anonymous_2)
FNDA:3,(anonymous_3)
FNDA:0,(anonymous_4)
FNDA:0,(anonymous_5)
FNDA:0,(anonymous_6)
FNDA:0,(anonymous_7)
FNDA:0,(anonymous_8)
DA:8,7
DA:9,7
DA:10,7
DA:15,1
DA:16,4
DA:18,4
DA:19,4
DA:21,4
DA:22,4
DA:26,1
DA:27,1
DA:28,1
DA:29,1
DA:31,1
DA:32,3
DA:33,3
DA:35,3
DA:36,3
DA:39,1
DA:41,1
DA:45,1
DA:46,0
DA:47,0
DA:48,0
DA:49,0
DA:51,0
DA:52,0
DA:53,0
DA:55,0
DA:56,0
DA:57,0
DA:58,0
DA:64,1
DA:67,0
DA:68,0
DA:74,0
DA:75,0
DA:76,0
DA:77,0
DA:79,0
DA:81,0
DA:82,0
DA:83,0
DA:87,0
DA:93,1
DA:94,0
DA:95,0
DA:96,0
DA:97,0
LF:49
LH:23
BRDA:10,0,0,7
BRDA:10,0,1,7
BRDA:46,1,0,0
BRDA:46,1,1,0
BRDA:51,2,0,0
BRDA:51,2,1,0
BRDA:67,3,0,0
BRDA:67,3,1,0
BRDA:74,4,0,0
BRDA:74,4,1,0
BRDA:82,5,0,0
BRDA:82,5,1,0
BRDA:95,6,0,0
BRDA:95,6,1,0
BRF:14
BRH:2
end_of_record
